<?xml version="1.0" encoding="UTF-8" standalone="yes"?>
<testsuites name="Accept Trips" time="66" tests="1" failures="1" errors="0">
    <testsuite name="Accept Trips" tests="1" failures="1" errors="0" time="66" timestamp="2019-08-27 08:44:54" hostname="jarwo - redstar" id="Test Suites/3.0/Driver V2/Accept Trips">
        <properties>
            <property name="deviceName" value="Xiaomi Redmi 6A (Android 8.1.0)"/>
            <property name="devicePlatform" value=""/>
            <property name="logFolder" value="/home/jarwo/Katalon Studio/Ritase Automation Testing/Reports/3.0/Driver V2/Accept Trips/20190827_084444"/>
            <property name="logFiles" value="/home/jarwo/Katalon Studio/Ritase Automation Testing/Reports/3.0/Driver V2/Accept Trips/20190827_084444/appium.log, /home/jarwo/Katalon Studio/Ritase Automation Testing/Reports/3.0/Driver V2/Accept Trips/20190827_084444/execution0.log"/>
            <property name="attachments" value="/home/jarwo/Katalon Studio/Ritase Automation Testing/Reports/3.0/Driver V2/Accept Trips/20190827_084444/1566870359964.png, /home/jarwo/Katalon Studio/Ritase Automation Testing/Reports/3.0/Driver V2/Accept Trips/20190827_084444/1566870360931.png"/>
            <property name="hostName" value="jarwo - redstar"/>
            <property name="os" value="Linux 64bit"/>
            <property name="katalonVersion" value="6.2.1.2"/>
            <property name="deviceOS" value="Android"/>
            <property name="appiumVersion" value="1.14.1"/>
            <property name="deviceModel" value="Redmi 6A"/>
            <property name="hostAddress" value="127.0.1.1"/>
            <property name="deviceManufacturer" value="Xiaomi"/>
            <property name="deviceId" value="f24006487d26"/>
            <property name="deviceName" value="Xiaomi Redmi 6A (Android 8.1.0)"/>
            <property name="deviceOSVersion" value="8.1.0"/>
        </properties>
        <testcase name="Test Cases/Mobile Drivers/Login/Login Drivers" classname="Test Cases/Mobile Drivers/Login/Login Drivers" status="PASSED">
            <system-out>2019-08-27 08:44:55 - [TEST_CASE][PASSED] - Test Cases/Mobile Drivers/Login/Login Drivers: Test Cases/Mobile Drivers/Login/Login Drivers

2019-08-27 08:44:55 - [TEST_STEP][PASSED] - runFeatureFile("Include/features/Mobile/Drivers V2/Login/LoginDrivers.feature", STOP_ON_FAILURE): Feature file: 'Include/features/Mobile/Drivers V2/Login/LoginDrivers.feature' was passed

2019-08-27 08:44:55 - [MESSAGE][INFO] - Starting run keyword runFeatureFile: 'Include/features/Mobile/Drivers V2/Login/LoginDrivers.feature' and extract report to folder: '/home/jarwo/Katalon Studio/Ritase Automation Testing/Reports/3.0/Driver V2/Accept Trips/20190827_084444/cucumber_report/1566870295241'...

2019-08-27 08:44:55 - [TEST_CASE][PASSED] - Start Test Case : SCENARIO Login Drivers: SCENARIO Login Drivers

2019-08-27 08:44:55 - [TEST_STEP][PASSED] - User install and open ritase driver apps: User install and open ritase driver apps

2019-08-27 08:44:56 - [MESSAGE][INFO] - Appium server started on port 37,051

2019-08-27 08:45:11 - [MESSAGE][PASSED] - Started app at: '/home/jarwo/Katalon Studio/Ritase Automation Testing/APK/stg-driver.apk'

2019-08-27 08:45:11 - [MESSAGE][PASSED] - Current device physical height is 1344

2019-08-27 08:45:12 - [MESSAGE][PASSED] - Current device physical width is 720

2019-08-27 08:45:12 - [MESSAGE][PASSED] - User install and open ritase driver apps

2019-08-27 08:45:12 - [TEST_STEP][PASSED] - User tap initial login button: User tap initial login button

2019-08-27 08:45:15 - [MESSAGE][PASSED] - Tapped on element 'Object Repository/Driver Apps V2/tap_initialLogin'

2019-08-27 08:45:15 - [MESSAGE][PASSED] - User tap initial login button

2019-08-27 08:45:15 - [TEST_STEP][PASSED] - User fill email address driver sopo@qa.com: User fill email address driver sopo@qa.com

2019-08-27 08:45:17 - [MESSAGE][PASSED] - Text 'sopo@qa.com' has been set to element 'Object Repository/Driver Apps V2/input_emailDriver'

2019-08-27 08:45:17 - [MESSAGE][PASSED] - User fill email address driver sopo@qa.com

2019-08-27 08:45:17 - [TEST_STEP][PASSED] - User fill password driver rahasia: User fill password driver rahasia

2019-08-27 08:45:19 - [MESSAGE][PASSED] - Text 'rahasia' has been set to element 'Object Repository/Driver Apps V2/input_passwordDriver'

2019-08-27 08:45:19 - [MESSAGE][PASSED] - User fill password driver rahasia

2019-08-27 08:45:19 - [TEST_STEP][PASSED] - User tap login button: User tap login button

2019-08-27 08:45:23 - [MESSAGE][PASSED] - Tapped on element 'Object Repository/Driver Apps V2/tap_loginButton'

2019-08-27 08:45:26 - [MESSAGE][PASSED] - Delayed 3 second(s)

2019-08-27 08:45:26 - [MESSAGE][PASSED] - User tap login button

2019-08-27 08:45:26 - [TEST_STEP][PASSED] - User see tab trip: User see tab trip

2019-08-27 08:45:27 - [MESSAGE][PASSED] - Text of element 'Object Repository/Driver Apps V2/txt_tripMenu' is: 'Punya pertanyaan? Tanyakan dengan Admin'

2019-08-27 08:45:27 - [MESSAGE][PASSED] - User see tab trip

2019-08-27 08:45:27 - [TEST_STEP][PASSED] - User swipe right to left: User swipe right to left

2019-08-27 08:45:37 - [MESSAGE][PASSED] - Delayed 10 second(s)

2019-08-27 08:45:38 - [MESSAGE][PASSED] - Swiped from 504,672 to 216,672

2019-08-27 08:45:38 - [MESSAGE][PASSED] - User swipe right to left

2019-08-27 08:45:38 - [TEST_STEP][PASSED] - User see tab wallet: User see tab wallet

2019-08-27 08:45:41 - [MESSAGE][PASSED] - Text of element 'Object Repository/Driver Apps V2/txt_walletMenu' is: 'Fitur Wallet Belum Aktif'

2019-08-27 08:45:41 - [MESSAGE][PASSED] - User see tab wallet

2019-08-27 08:45:41 - [MESSAGE][PASSED] - Feature file: 'Include/features/Mobile/Drivers V2/Login/LoginDrivers.feature' was passed</system-out>
            <system-err></system-err>
        </testcase>
        <testcase name="Test Cases/Mobile Drivers/Trips/Accept Trips" classname="Test Cases/Mobile Drivers/Trips/Accept Trips" status="FAILED">
            <failure type="FAILED" message="Test Cases/Mobile Drivers/Trips/Accept Trips FAILED.&#xA;Reason:&#xA;com.kms.katalon.core.exception.StepFailedException: Feature file 'Include/features/Mobile/Drivers V2/Trips/AcceptTrips.feature' was failed&#xA;&#x9;at com.kms.katalon.core.keyword.internal.KeywordMain.stepFailed(KeywordMain.groovy:50)&#xA;&#x9;at com.kms.katalon.core.keyword.internal.KeywordMain.stepFailed(KeywordMain.groovy)&#xA;&#x9;at com.kms.katalon.core.keyword.internal.KeywordMain.stepFailed(KeywordMain.groovy:23)&#xA;&#x9;at com.kms.katalon.core.keyword.internal.KeywordMain$stepFailed$0.call(Unknown Source)&#xA;&#x9;at com.kms.katalon.core.cucumber.keyword.CucumberBuiltinKeywords$_runFeatureFile_closure1.doCall(CucumberBuiltinKeywords.groovy:82)&#xA;&#x9;at com.kms.katalon.core.cucumber.keyword.CucumberBuiltinKeywords$_runFeatureFile_closure1.doCall(CucumberBuiltinKeywords.groovy)&#xA;&#x9;at com.kms.katalon.core.keyword.internal.KeywordMain.runKeyword(KeywordMain.groovy:68)&#xA;&#x9;at com.kms.katalon.core.keyword.internal.KeywordMain$runKeyword.call(Unknown Source)&#xA;&#x9;at com.kms.katalon.core.cucumber.keyword.CucumberBuiltinKeywords.runFeatureFile(CucumberBuiltinKeywords.groovy:46)&#xA;&#x9;at com.kms.katalon.core.cucumber.keyword.CucumberBuiltinKeywords$runFeatureFile.call(Unknown Source)&#xA;&#x9;at Accept Trips.run(Accept Trips:16)&#xA;&#x9;at com.kms.katalon.core.main.ScriptEngine.run(ScriptEngine.java:194)&#xA;&#x9;at com.kms.katalon.core.main.ScriptEngine.runScriptAsRawText(ScriptEngine.java:119)&#xA;&#x9;at com.kms.katalon.core.main.TestCaseExecutor.runScript(TestCaseExecutor.java:337)&#xA;&#x9;at com.kms.katalon.core.main.TestCaseExecutor.doExecute(TestCaseExecutor.java:328)&#xA;&#x9;at com.kms.katalon.core.main.TestCaseExecutor.processExecutionPhase(TestCaseExecutor.java:307)&#xA;&#x9;at com.kms.katalon.core.main.TestCaseExecutor.accessMainPhase(TestCaseExecutor.java:299)&#xA;&#x9;at com.kms.katalon.core.main.TestCaseExecutor.execute(TestCaseExecutor.java:233)&#xA;&#x9;at com.kms.katalon.core.main.TestSuiteExecutor.accessTestCaseMainPhase(TestSuiteExecutor.java:133)&#xA;&#x9;at com.kms.katalon.core.main.TestSuiteExecutor.accessTestSuiteMainPhase(TestSuiteExecutor.java:116)&#xA;&#x9;at com.kms.katalon.core.main.TestSuiteExecutor.execute(TestSuiteExecutor.java:83)&#xA;&#x9;at com.kms.katalon.core.main.TestCaseMain.startTestSuite(TestCaseMain.java:157)&#xA;&#x9;at com.kms.katalon.core.main.TestCaseMain$startTestSuite$0.call(Unknown Source)&#xA;&#x9;at TempTestSuite1566870284303.run(TempTestSuite1566870284303.groovy:35)&#xA;"/>
            <system-out>2019-08-27 08:45:41 - [TEST_CASE][FAILED] - Test Cases/Mobile Drivers/Trips/Accept Trips: Test Cases/Mobile Drivers/Trips/Accept Trips FAILED.
Reason:
com.kms.katalon.core.exception.StepFailedException: Feature file 'Include/features/Mobile/Drivers V2/Trips/AcceptTrips.feature' was failed
	at com.kms.katalon.core.keyword.internal.KeywordMain.stepFailed(KeywordMain.groovy:50)
	at com.kms.katalon.core.keyword.internal.KeywordMain.stepFailed(KeywordMain.groovy)
	at com.kms.katalon.core.keyword.internal.KeywordMain.stepFailed(KeywordMain.groovy:23)
	at com.kms.katalon.core.keyword.internal.KeywordMain$stepFailed$0.call(Unknown Source)
	at com.kms.katalon.core.cucumber.keyword.CucumberBuiltinKeywords$_runFeatureFile_closure1.doCall(CucumberBuiltinKeywords.groovy:82)
	at com.kms.katalon.core.cucumber.keyword.CucumberBuiltinKeywords$_runFeatureFile_closure1.doCall(CucumberBuiltinKeywords.groovy)
	at com.kms.katalon.core.keyword.internal.KeywordMain.runKeyword(KeywordMain.groovy:68)
	at com.kms.katalon.core.keyword.internal.KeywordMain$runKeyword.call(Unknown Source)
	at com.kms.katalon.core.cucumber.keyword.CucumberBuiltinKeywords.runFeatureFile(CucumberBuiltinKeywords.groovy:46)
	at com.kms.katalon.core.cucumber.keyword.CucumberBuiltinKeywords$runFeatureFile.call(Unknown Source)
	at Accept Trips.run(Accept Trips:16)
	at com.kms.katalon.core.main.ScriptEngine.run(ScriptEngine.java:194)
	at com.kms.katalon.core.main.ScriptEngine.runScriptAsRawText(ScriptEngine.java:119)
	at com.kms.katalon.core.main.TestCaseExecutor.runScript(TestCaseExecutor.java:337)
	at com.kms.katalon.core.main.TestCaseExecutor.doExecute(TestCaseExecutor.java:328)
	at com.kms.katalon.core.main.TestCaseExecutor.processExecutionPhase(TestCaseExecutor.java:307)
	at com.kms.katalon.core.main.TestCaseExecutor.accessMainPhase(TestCaseExecutor.java:299)
	at com.kms.katalon.core.main.TestCaseExecutor.execute(TestCaseExecutor.java:233)
	at com.kms.katalon.core.main.TestSuiteExecutor.accessTestCaseMainPhase(TestSuiteExecutor.java:133)
	at com.kms.katalon.core.main.TestSuiteExecutor.accessTestSuiteMainPhase(TestSuiteExecutor.java:116)
	at com.kms.katalon.core.main.TestSuiteExecutor.execute(TestSuiteExecutor.java:83)
	at com.kms.katalon.core.main.TestCaseMain.startTestSuite(TestCaseMain.java:157)
	at com.kms.katalon.core.main.TestCaseMain$startTestSuite$0.call(Unknown Source)
	at TempTestSuite1566870284303.run(TempTestSuite1566870284303.groovy:35)


2019-08-27 08:45:41 - [TEST_STEP][FAILED] - runFeatureFile("Include/features/Mobile/Drivers V2/Trips/AcceptTrips.feature", STOP_ON_FAILURE): Keyword runFeatureFile was failed (Root cause: com.kms.katalon.core.exception.StepFailedException: Feature file 'Include/features/Mobile/Drivers V2/Trips/AcceptTrips.feature' was failed
	at com.kms.katalon.core.keyword.internal.KeywordMain.stepFailed(KeywordMain.groovy:50)
	at com.kms.katalon.core.keyword.internal.KeywordMain.stepFailed(KeywordMain.groovy)
	at com.kms.katalon.core.keyword.internal.KeywordMain.stepFailed(KeywordMain.groovy:23)
	at com.kms.katalon.core.keyword.internal.KeywordMain$stepFailed$0.call(Unknown Source)
	at com.kms.katalon.core.cucumber.keyword.CucumberBuiltinKeywords$_runFeatureFile_closure1.doCall(CucumberBuiltinKeywords.groovy:82)
	at com.kms.katalon.core.cucumber.keyword.CucumberBuiltinKeywords$_runFeatureFile_closure1.doCall(CucumberBuiltinKeywords.groovy)
	at com.kms.katalon.core.keyword.internal.KeywordMain.runKeyword(KeywordMain.groovy:68)
	at com.kms.katalon.core.keyword.internal.KeywordMain$runKeyword.call(Unknown Source)
	at com.kms.katalon.core.cucumber.keyword.CucumberBuiltinKeywords.runFeatureFile(CucumberBuiltinKeywords.groovy:46)
	at com.kms.katalon.core.cucumber.keyword.CucumberBuiltinKeywords$runFeatureFile.call(Unknown Source)
	at Accept Trips.run(Accept Trips:16)
	at com.kms.katalon.core.main.ScriptEngine.run(ScriptEngine.java:194)
	at com.kms.katalon.core.main.ScriptEngine.runScriptAsRawText(ScriptEngine.java:119)
	at com.kms.katalon.core.main.TestCaseExecutor.runScript(TestCaseExecutor.java:337)
	at com.kms.katalon.core.main.TestCaseExecutor.doExecute(TestCaseExecutor.java:328)
	at com.kms.katalon.core.main.TestCaseExecutor.processExecutionPhase(TestCaseExecutor.java:307)
	at com.kms.katalon.core.main.TestCaseExecutor.accessMainPhase(TestCaseExecutor.java:299)
	at com.kms.katalon.core.main.TestCaseExecutor.execute(TestCaseExecutor.java:233)
	at com.kms.katalon.core.main.TestSuiteExecutor.accessTestCaseMainPhase(TestSuiteExecutor.java:133)
	at com.kms.katalon.core.main.TestSuiteExecutor.accessTestSuiteMainPhase(TestSuiteExecutor.java:116)
	at com.kms.katalon.core.main.TestSuiteExecutor.execute(TestSuiteExecutor.java:83)
	at com.kms.katalon.core.main.TestCaseMain.startTestSuite(TestCaseMain.java:157)
	at com.kms.katalon.core.main.TestCaseMain$startTestSuite$0.call(Unknown Source)
	at TempTestSuite1566870284303.run(TempTestSuite1566870284303.groovy:35)
)

2019-08-27 08:45:41 - [MESSAGE][INFO] - Starting run keyword runFeatureFile: 'Include/features/Mobile/Drivers V2/Trips/AcceptTrips.feature' and extract report to folder: '/home/jarwo/Katalon Studio/Ritase Automation Testing/Reports/3.0/Driver V2/Accept Trips/20190827_084444/cucumber_report/1566870341695'...

2019-08-27 08:45:41 - [TEST_CASE][FAILED] - Start Test Case : SCENARIO Accept Order: SCENARIO Accept Order FAILED.
Reason:
com.kms.katalon.core.exception.StepFailedException: Element 'Object Repository/Driver Apps V2/tap_firstTripCards' not found
	at com.kms.katalon.core.keyword.internal.KeywordMain.stepFailed(KeywordMain.groovy:50)
	at com.kms.katalon.core.mobile.keyword.internal.MobileKeywordMain.stepFailed(MobileKeywordMain.groovy:40)
	at com.kms.katalon.core.mobile.keyword.builtin.VerifyElementExistKeyword$_verifyElementExist_closure1.doCall(VerifyElementExistKeyword.groovy:77)
	at com.kms.katalon.core.mobile.keyword.builtin.VerifyElementExistKeyword$_verifyElementExist_closure1.call(VerifyElementExistKeyword.groovy)
	at com.kms.katalon.core.mobile.keyword.internal.MobileKeywordMain.runKeyword(MobileKeywordMain.groovy:21)
	at com.kms.katalon.core.mobile.keyword.builtin.VerifyElementExistKeyword.verifyElementExist(VerifyElementExistKeyword.groovy:80)
	at com.kms.katalon.core.mobile.keyword.builtin.VerifyElementExistKeyword.execute(VerifyElementExistKeyword.groovy:64)
	at com.kms.katalon.core.keyword.internal.KeywordExecutor.executeKeywordForPlatform(KeywordExecutor.groovy:56)
	at com.kms.katalon.core.mobile.keyword.MobileBuiltInKeywords.verifyElementExist(MobileBuiltInKeywords.groovy:621)
	at com.kms.katalon.core.mobile.keyword.MobileBuiltInKeywords$verifyElementExist$6.call(Unknown Source)
	at mobile.drivers.Trips.userSeeOrderCards(Trips.groovy:74)
	at ✽.User see order cards(/home/jarwo/Katalon Studio/Ritase Automation Testing/Include/features/Mobile/Drivers V2/Trips/AcceptTrips.feature:7)


2019-08-27 08:45:41 - [TEST_STEP][PASSED] - User open trip menu: User open trip menu

2019-08-27 08:45:46 - [MESSAGE][PASSED] - Delayed 5 second(s)

2019-08-27 08:45:47 - [MESSAGE][PASSED] - Swiped from 216,672 to 504,672

2019-08-27 08:45:47 - [MESSAGE][PASSED] - User open trip menu

2019-08-27 08:45:47 - [TEST_STEP][PASSED] - User see tab trip: User see tab trip

2019-08-27 08:45:48 - [MESSAGE][PASSED] - Text of element 'Object Repository/Driver Apps V2/txt_tripMenu' is: 'Punya pertanyaan? Tanyakan dengan Admin'

2019-08-27 08:45:48 - [MESSAGE][PASSED] - User see tab trip

2019-08-27 08:45:48 - [TEST_STEP][PASSED] - User swipe top to buttom: User swipe top to buttom

2019-08-27 08:45:53 - [MESSAGE][PASSED] - Delayed 5 second(s)

2019-08-27 08:45:54 - [MESSAGE][PASSED] - Swiped from 360,940 to 360,403

2019-08-27 08:45:57 - [MESSAGE][PASSED] - Delayed 3 second(s)

2019-08-27 08:45:57 - [MESSAGE][PASSED] - User swipe top to buttom

2019-08-27 08:45:57 - [TEST_STEP][FAILED] - User see order cards: User see order cards FAILED.
Reason:
com.kms.katalon.core.exception.StepFailedException: Element 'Object Repository/Driver Apps V2/tap_firstTripCards' not found
	at com.kms.katalon.core.keyword.internal.KeywordMain.stepFailed(KeywordMain.groovy:50)
	at com.kms.katalon.core.mobile.keyword.internal.MobileKeywordMain.stepFailed(MobileKeywordMain.groovy:40)
	at com.kms.katalon.core.mobile.keyword.builtin.VerifyElementExistKeyword$_verifyElementExist_closure1.doCall(VerifyElementExistKeyword.groovy:77)
	at com.kms.katalon.core.mobile.keyword.builtin.VerifyElementExistKeyword$_verifyElementExist_closure1.call(VerifyElementExistKeyword.groovy)
	at com.kms.katalon.core.mobile.keyword.internal.MobileKeywordMain.runKeyword(MobileKeywordMain.groovy:21)
	at com.kms.katalon.core.mobile.keyword.builtin.VerifyElementExistKeyword.verifyElementExist(VerifyElementExistKeyword.groovy:80)
	at com.kms.katalon.core.mobile.keyword.builtin.VerifyElementExistKeyword.execute(VerifyElementExistKeyword.groovy:64)
	at com.kms.katalon.core.keyword.internal.KeywordExecutor.executeKeywordForPlatform(KeywordExecutor.groovy:56)
	at com.kms.katalon.core.mobile.keyword.MobileBuiltInKeywords.verifyElementExist(MobileBuiltInKeywords.groovy:621)
	at com.kms.katalon.core.mobile.keyword.MobileBuiltInKeywords$verifyElementExist$6.call(Unknown Source)
	at mobile.drivers.Trips.userSeeOrderCards(Trips.groovy:74)
	at ✽.User see order cards(/home/jarwo/Katalon Studio/Ritase Automation Testing/Include/features/Mobile/Drivers V2/Trips/AcceptTrips.feature:7)


2019-08-27 08:46:00 - [MESSAGE][FAILED] - Element 'Object Repository/Driver Apps V2/tap_firstTripCards' not found
[[ATTACHMENT|/home/jarwo/Katalon Studio/Ritase Automation Testing/Reports/3.0/Driver V2/Accept Trips/20190827_084444/1566870359964.png]]

2019-08-27 08:46:01 - [MESSAGE][FAILED] - Failed to check for element 'Object Repository/Driver Apps V2/tap_firstTripCards' exist (Root cause: com.kms.katalon.core.exception.StepFailedException: Element 'Object Repository/Driver Apps V2/tap_firstTripCards' not found
	at com.kms.katalon.core.keyword.internal.KeywordMain.stepFailed(KeywordMain.groovy:50)
	at com.kms.katalon.core.mobile.keyword.internal.MobileKeywordMain.stepFailed(MobileKeywordMain.groovy:40)
	at com.kms.katalon.core.mobile.keyword.builtin.VerifyElementExistKeyword$_verifyElementExist_closure1.doCall(VerifyElementExistKeyword.groovy:77)
	at com.kms.katalon.core.mobile.keyword.builtin.VerifyElementExistKeyword$_verifyElementExist_closure1.call(VerifyElementExistKeyword.groovy)
	at com.kms.katalon.core.mobile.keyword.internal.MobileKeywordMain.runKeyword(MobileKeywordMain.groovy:21)
	at com.kms.katalon.core.mobile.keyword.builtin.VerifyElementExistKeyword.verifyElementExist(VerifyElementExistKeyword.groovy:80)
	at com.kms.katalon.core.mobile.keyword.builtin.VerifyElementExistKeyword.execute(VerifyElementExistKeyword.groovy:64)
	at com.kms.katalon.core.keyword.internal.KeywordExecutor.executeKeywordForPlatform(KeywordExecutor.groovy:56)
	at com.kms.katalon.core.mobile.keyword.MobileBuiltInKeywords.verifyElementExist(MobileBuiltInKeywords.groovy:621)
	at com.kms.katalon.core.mobile.keyword.MobileBuiltInKeywords$verifyElementExist$6.call(Unknown Source)
	at mobile.drivers.Trips.userSeeOrderCards(Trips.groovy:74)
	at cucumber.runtime.Utils$1.call(Utils.java:26)
	at cucumber.runtime.Timeout.timeout(Timeout.java:16)
	at cucumber.runtime.Utils.invoke(Utils.java:20)
	at cucumber.runtime.java.JavaStepDefinition.execute(JavaStepDefinition.java:48)
	at cucumber.runtime.PickleStepDefinitionMatch.runStep(PickleStepDefinitionMatch.java:50)
	at cucumber.runner.TestStep.executeStep(TestStep.java:55)
	at cucumber.runner.TestStep.run(TestStep.java:42)
	at cucumber.runner.PickleStepTestStep.run(PickleStepTestStep.java:53)
	at cucumber.runner.TestCase.run(TestCase.java:47)
	at cucumber.runner.Runner.runPickle(Runner.java:44)
	at cucumber.runtime.Runtime.runFeature(Runtime.java:120)
	at cucumber.runtime.Runtime.run(Runtime.java:106)
	at cucumber.api.cli.Main.run(Main.java:35)
	at cucumber.api.cli.Main$run.call(Unknown Source)
	at com.kms.katalon.core.cucumber.keyword.CucumberBuiltinKeywords$_runFeatureFile_closure1.doCall(CucumberBuiltinKeywords.groovy:76)
	at com.kms.katalon.core.cucumber.keyword.CucumberBuiltinKeywords$_runFeatureFile_closure1.doCall(CucumberBuiltinKeywords.groovy)
	at com.kms.katalon.core.keyword.internal.KeywordMain.runKeyword(KeywordMain.groovy:68)
	at com.kms.katalon.core.keyword.internal.KeywordMain$runKeyword.call(Unknown Source)
	at com.kms.katalon.core.cucumber.keyword.CucumberBuiltinKeywords.runFeatureFile(CucumberBuiltinKeywords.groovy:46)
	at com.kms.katalon.core.cucumber.keyword.CucumberBuiltinKeywords$runFeatureFile.call(Unknown Source)
	at Accept Trips.run(Accept Trips:16)
	at com.kms.katalon.core.main.ScriptEngine.run(ScriptEngine.java:194)
	at com.kms.katalon.core.main.ScriptEngine.runScriptAsRawText(ScriptEngine.java:119)
	at com.kms.katalon.core.main.TestCaseExecutor.runScript(TestCaseExecutor.java:337)
	at com.kms.katalon.core.main.TestCaseExecutor.doExecute(TestCaseExecutor.java:328)
	at com.kms.katalon.core.main.TestCaseExecutor.processExecutionPhase(TestCaseExecutor.java:307)
	at com.kms.katalon.core.main.TestCaseExecutor.accessMainPhase(TestCaseExecutor.java:299)
	at com.kms.katalon.core.main.TestCaseExecutor.execute(TestCaseExecutor.java:233)
	at com.kms.katalon.core.main.TestSuiteExecutor.accessTestCaseMainPhase(TestSuiteExecutor.java:133)
	at com.kms.katalon.core.main.TestSuiteExecutor.accessTestSuiteMainPhase(TestSuiteExecutor.java:116)
	at com.kms.katalon.core.main.TestSuiteExecutor.execute(TestSuiteExecutor.java:83)
	at com.kms.katalon.core.main.TestCaseMain.startTestSuite(TestCaseMain.java:157)
	at com.kms.katalon.core.main.TestCaseMain$startTestSuite$0.call(Unknown Source)
	at TempTestSuite1566870284303.run(TempTestSuite1566870284303.groovy:35)
)
[[ATTACHMENT|/home/jarwo/Katalon Studio/Ritase Automation Testing/Reports/3.0/Driver V2/Accept Trips/20190827_084444/1566870360931.png]]

2019-08-27 08:46:01 - [MESSAGE][FAILED] - User see order cards FAILED.
Reason:
com.kms.katalon.core.exception.StepFailedException: Element 'Object Repository/Driver Apps V2/tap_firstTripCards' not found
	at com.kms.katalon.core.keyword.internal.KeywordMain.stepFailed(KeywordMain.groovy:50)
	at com.kms.katalon.core.mobile.keyword.internal.MobileKeywordMain.stepFailed(MobileKeywordMain.groovy:40)
	at com.kms.katalon.core.mobile.keyword.builtin.VerifyElementExistKeyword$_verifyElementExist_closure1.doCall(VerifyElementExistKeyword.groovy:77)
	at com.kms.katalon.core.mobile.keyword.builtin.VerifyElementExistKeyword$_verifyElementExist_closure1.call(VerifyElementExistKeyword.groovy)
	at com.kms.katalon.core.mobile.keyword.internal.MobileKeywordMain.runKeyword(MobileKeywordMain.groovy:21)
	at com.kms.katalon.core.mobile.keyword.builtin.VerifyElementExistKeyword.verifyElementExist(VerifyElementExistKeyword.groovy:80)
	at com.kms.katalon.core.mobile.keyword.builtin.VerifyElementExistKeyword.execute(VerifyElementExistKeyword.groovy:64)
	at com.kms.katalon.core.keyword.internal.KeywordExecutor.executeKeywordForPlatform(KeywordExecutor.groovy:56)
	at com.kms.katalon.core.mobile.keyword.MobileBuiltInKeywords.verifyElementExist(MobileBuiltInKeywords.groovy:621)
	at com.kms.katalon.core.mobile.keyword.MobileBuiltInKeywords$verifyElementExist$6.call(Unknown Source)
	at mobile.drivers.Trips.userSeeOrderCards(Trips.groovy:74)
	at ✽.User see order cards(/home/jarwo/Katalon Studio/Ritase Automation Testing/Include/features/Mobile/Drivers V2/Trips/AcceptTrips.feature:7)


2019-08-27 08:46:01 - [TEST_STEP][NOT_RUN] - User tap first cards: User tap first cards

2019-08-27 08:46:01 - [MESSAGE][NOT_RUN] - User tap first cards

2019-08-27 08:46:01 - [TEST_STEP][NOT_RUN] - User tap yes button: User tap yes button

2019-08-27 08:46:01 - [MESSAGE][NOT_RUN] - User tap yes button

2019-08-27 08:46:01 - [TEST_STEP][NOT_RUN] - User see tab trip: User see tab trip

2019-08-27 08:46:01 - [MESSAGE][NOT_RUN] - User see tab trip

2019-08-27 08:46:01 - [MESSAGE][FAILED] - Feature file 'Include/features/Mobile/Drivers V2/Trips/AcceptTrips.feature' was failed

2019-08-27 08:46:01 - [MESSAGE][FAILED] - Keyword runFeatureFile was failed (Root cause: com.kms.katalon.core.exception.StepFailedException: Feature file 'Include/features/Mobile/Drivers V2/Trips/AcceptTrips.feature' was failed
	at com.kms.katalon.core.keyword.internal.KeywordMain.stepFailed(KeywordMain.groovy:50)
	at com.kms.katalon.core.keyword.internal.KeywordMain.stepFailed(KeywordMain.groovy)
	at com.kms.katalon.core.keyword.internal.KeywordMain.stepFailed(KeywordMain.groovy:23)
	at com.kms.katalon.core.keyword.internal.KeywordMain$stepFailed$0.call(Unknown Source)
	at com.kms.katalon.core.cucumber.keyword.CucumberBuiltinKeywords$_runFeatureFile_closure1.doCall(CucumberBuiltinKeywords.groovy:82)
	at com.kms.katalon.core.cucumber.keyword.CucumberBuiltinKeywords$_runFeatureFile_closure1.doCall(CucumberBuiltinKeywords.groovy)
	at com.kms.katalon.core.keyword.internal.KeywordMain.runKeyword(KeywordMain.groovy:68)
	at com.kms.katalon.core.keyword.internal.KeywordMain$runKeyword.call(Unknown Source)
	at com.kms.katalon.core.cucumber.keyword.CucumberBuiltinKeywords.runFeatureFile(CucumberBuiltinKeywords.groovy:46)
	at com.kms.katalon.core.cucumber.keyword.CucumberBuiltinKeywords$runFeatureFile.call(Unknown Source)
	at Accept Trips.run(Accept Trips:16)
	at com.kms.katalon.core.main.ScriptEngine.run(ScriptEngine.java:194)
	at com.kms.katalon.core.main.ScriptEngine.runScriptAsRawText(ScriptEngine.java:119)
	at com.kms.katalon.core.main.TestCaseExecutor.runScript(TestCaseExecutor.java:337)
	at com.kms.katalon.core.main.TestCaseExecutor.doExecute(TestCaseExecutor.java:328)
	at com.kms.katalon.core.main.TestCaseExecutor.processExecutionPhase(TestCaseExecutor.java:307)
	at com.kms.katalon.core.main.TestCaseExecutor.accessMainPhase(TestCaseExecutor.java:299)
	at com.kms.katalon.core.main.TestCaseExecutor.execute(TestCaseExecutor.java:233)
	at com.kms.katalon.core.main.TestSuiteExecutor.accessTestCaseMainPhase(TestSuiteExecutor.java:133)
	at com.kms.katalon.core.main.TestSuiteExecutor.accessTestSuiteMainPhase(TestSuiteExecutor.java:116)
	at com.kms.katalon.core.main.TestSuiteExecutor.execute(TestSuiteExecutor.java:83)
	at com.kms.katalon.core.main.TestCaseMain.startTestSuite(TestCaseMain.java:157)
	at com.kms.katalon.core.main.TestCaseMain$startTestSuite$0.call(Unknown Source)
	at TempTestSuite1566870284303.run(TempTestSuite1566870284303.groovy:35)
)</system-out>
            <system-err>2019-08-27 08:45:41 - [TEST_CASE][FAILED] - Test Cases/Mobile Drivers/Trips/Accept Trips: Test Cases/Mobile Drivers/Trips/Accept Trips FAILED.
Reason:
com.kms.katalon.core.exception.StepFailedException: Feature file 'Include/features/Mobile/Drivers V2/Trips/AcceptTrips.feature' was failed
	at com.kms.katalon.core.keyword.internal.KeywordMain.stepFailed(KeywordMain.groovy:50)
	at com.kms.katalon.core.keyword.internal.KeywordMain.stepFailed(KeywordMain.groovy)
	at com.kms.katalon.core.keyword.internal.KeywordMain.stepFailed(KeywordMain.groovy:23)
	at com.kms.katalon.core.keyword.internal.KeywordMain$stepFailed$0.call(Unknown Source)
	at com.kms.katalon.core.cucumber.keyword.CucumberBuiltinKeywords$_runFeatureFile_closure1.doCall(CucumberBuiltinKeywords.groovy:82)
	at com.kms.katalon.core.cucumber.keyword.CucumberBuiltinKeywords$_runFeatureFile_closure1.doCall(CucumberBuiltinKeywords.groovy)
	at com.kms.katalon.core.keyword.internal.KeywordMain.runKeyword(KeywordMain.groovy:68)
	at com.kms.katalon.core.keyword.internal.KeywordMain$runKeyword.call(Unknown Source)
	at com.kms.katalon.core.cucumber.keyword.CucumberBuiltinKeywords.runFeatureFile(CucumberBuiltinKeywords.groovy:46)
	at com.kms.katalon.core.cucumber.keyword.CucumberBuiltinKeywords$runFeatureFile.call(Unknown Source)
	at Accept Trips.run(Accept Trips:16)
	at com.kms.katalon.core.main.ScriptEngine.run(ScriptEngine.java:194)
	at com.kms.katalon.core.main.ScriptEngine.runScriptAsRawText(ScriptEngine.java:119)
	at com.kms.katalon.core.main.TestCaseExecutor.runScript(TestCaseExecutor.java:337)
	at com.kms.katalon.core.main.TestCaseExecutor.doExecute(TestCaseExecutor.java:328)
	at com.kms.katalon.core.main.TestCaseExecutor.processExecutionPhase(TestCaseExecutor.java:307)
	at com.kms.katalon.core.main.TestCaseExecutor.accessMainPhase(TestCaseExecutor.java:299)
	at com.kms.katalon.core.main.TestCaseExecutor.execute(TestCaseExecutor.java:233)
	at com.kms.katalon.core.main.TestSuiteExecutor.accessTestCaseMainPhase(TestSuiteExecutor.java:133)
	at com.kms.katalon.core.main.TestSuiteExecutor.accessTestSuiteMainPhase(TestSuiteExecutor.java:116)
	at com.kms.katalon.core.main.TestSuiteExecutor.execute(TestSuiteExecutor.java:83)
	at com.kms.katalon.core.main.TestCaseMain.startTestSuite(TestCaseMain.java:157)
	at com.kms.katalon.core.main.TestCaseMain$startTestSuite$0.call(Unknown Source)
	at TempTestSuite1566870284303.run(TempTestSuite1566870284303.groovy:35)</system-err>
        </testcase>
        <system-out>2019-08-27 08:44:54 - [TEST_SUITE][INCOMPLETE] - Accept Trips: null</system-out>
        <system-err>2019-08-27 08:44:54 - [TEST_SUITE][INCOMPLETE] - Accept Trips: null</system-err>
    </testsuite>
</testsuites>
