<?xml version="1.0" encoding="UTF-8" standalone="no"?>
<testsuite failures="1" name="cucumber.runtime.formatter.JUnitFormatter" skipped="0" tests="1" time="20.073215">
<testcase classname="Trips" name="Accept Order" time="20.073215">
<failure message="com.kms.katalon.core.exception.StepFailedException: Element 'Object Repository/Driver Apps V2/tap_firstTripCards' not found&#10;&#9;at com.kms.katalon.core.keyword.internal.KeywordMain.stepFailed(KeywordMain.groovy:50)&#10;&#9;at com.kms.katalon.core.mobile.keyword.internal.MobileKeywordMain.stepFailed(MobileKeywordMain.groovy:40)&#10;&#9;at com.kms.katalon.core.mobile.keyword.builtin.VerifyElementExistKeyword$_verifyElementExist_closure1.doCall(VerifyElementExistKeyword.groovy:77)&#10;&#9;at com.kms.katalon.core.mobile.keyword.builtin.VerifyElementExistKeyword$_verifyElementExist_closure1.call(VerifyElementExistKeyword.groovy)&#10;&#9;at com.kms.katalon.core.mobile.keyword.internal.MobileKeywordMain.runKeyword(MobileKeywordMain.groovy:21)&#10;&#9;at com.kms.katalon.core.mobile.keyword.builtin.VerifyElementExistKeyword.verifyElementExist(VerifyElementExistKeyword.groovy:80)&#10;&#9;at com.kms.katalon.core.mobile.keyword.builtin.VerifyElementExistKeyword.execute(VerifyElementExistKeyword.groovy:64)&#10;&#9;at com.kms.katalon.core.keyword.internal.KeywordExecutor.executeKeywordForPlatform(KeywordExecutor.groovy:56)&#10;&#9;at com.kms.katalon.core.mobile.keyword.MobileBuiltInKeywords.verifyElementExist(MobileBuiltInKeywords.groovy:621)&#10;&#9;at com.kms.katalon.core.mobile.keyword.MobileBuiltInKeywords$verifyElementExist$6.call(Unknown Source)&#10;&#9;at mobile.drivers.Trips.userSeeOrderCards(Trips.groovy:74)&#10;&#9;at ✽.User see order cards(/home/jarwo/Katalon Studio/Ritase Automation Testing/Include/features/Mobile/Drivers V2/Trips/AcceptTrips.feature:7)&#10;"><![CDATA[Given User open trip menu...................................................passed
Then User see tab trip......................................................passed
When User swipe top to buttom...............................................passed
Then User see order cards...................................................failed
When User tap first cards...................................................skipped
And User tap yes button.....................................................skipped
Then User see tab trip......................................................skipped

StackTrace:
com.kms.katalon.core.exception.StepFailedException: Element 'Object Repository/Driver Apps V2/tap_firstTripCards' not found
	at com.kms.katalon.core.keyword.internal.KeywordMain.stepFailed(KeywordMain.groovy:50)
	at com.kms.katalon.core.mobile.keyword.internal.MobileKeywordMain.stepFailed(MobileKeywordMain.groovy:40)
	at com.kms.katalon.core.mobile.keyword.builtin.VerifyElementExistKeyword$_verifyElementExist_closure1.doCall(VerifyElementExistKeyword.groovy:77)
	at com.kms.katalon.core.mobile.keyword.builtin.VerifyElementExistKeyword$_verifyElementExist_closure1.call(VerifyElementExistKeyword.groovy)
	at com.kms.katalon.core.mobile.keyword.internal.MobileKeywordMain.runKeyword(MobileKeywordMain.groovy:21)
	at com.kms.katalon.core.mobile.keyword.builtin.VerifyElementExistKeyword.verifyElementExist(VerifyElementExistKeyword.groovy:80)
	at com.kms.katalon.core.mobile.keyword.builtin.VerifyElementExistKeyword.execute(VerifyElementExistKeyword.groovy:64)
	at com.kms.katalon.core.keyword.internal.KeywordExecutor.executeKeywordForPlatform(KeywordExecutor.groovy:56)
	at com.kms.katalon.core.mobile.keyword.MobileBuiltInKeywords.verifyElementExist(MobileBuiltInKeywords.groovy:621)
	at com.kms.katalon.core.mobile.keyword.MobileBuiltInKeywords$verifyElementExist$6.call(Unknown Source)
	at mobile.drivers.Trips.userSeeOrderCards(Trips.groovy:74)
	at ✽.User see order cards(/home/jarwo/Katalon Studio/Ritase Automation Testing/Include/features/Mobile/Drivers V2/Trips/AcceptTrips.feature:7)
]]></failure>
</testcase>
</testsuite>
